<?xml version="1.0" encoding="UTF-8"?>
<!-- Generated by org.testng.reporters.JUnitXMLReporter -->
<testsuite ignored="0" hostname="LAPTOP-D7ISQ4NG" failures="1" tests="1" name="Test" time="34.429" errors="0" timestamp="2024-05-02T20:07:27 IST">
  <testcase classname="xpath.Main" name="execute" time="34.375">
    <failure type="java.lang.IllegalArgumentException" message="Driver must be set">
      <![CDATA[java.lang.IllegalArgumentException: Driver must be set
at org.openqa.selenium.internal.Require.nonNull(Require.java:61)
at org.openqa.selenium.interactions.Actions.<init>(Actions.java:59)
at synchronization.ActionMethods.<init>(ActionMethods.java:17)
at xpath.AboutUs.<init>(AboutUs.java:66)
at xpath.Main.execute(Main.java:12)
at java.base/java.util.ArrayList.forEach(ArrayList.java:1511)
... Removed 27 stack frames]]>
    </failure>
  </testcase> <!-- execute -->
</testsuite> <!-- Test -->
